<?xml version="1.0" encoding="UTF-8"?>
<!-- Generated by org.testng.reporters.JUnitReportReporter -->
<testsuite hostname="Vin-Chenzo-Smackin-Tosh.local" failures="0" tests="1" name="test.post.RegisterTest" time="0.379" errors="0" timestamp="06 Jul 2018 10:25:20 GMT" skipped="0">
  <testcase classname="test.post.RegisterTest" name="RegistrationSuccessful" time="0.379"/>
</testsuite> <!-- test.post.RegisterTest -->
