<?xml version="1.0" encoding="UTF-8"?>
<!-- Generated by org.testng.reporters.JUnitReportReporter -->
<testsuite skipped="0" hostname="nhs-ers-local-dev" name="tests.header_tests.HeaderTests" tests="1" failures="0" timestamp="04 Jul 2018 15:36:58 GMT" time="0.007" errors="0">
  <testcase name="GetWeatherHeaders" time="0.007" classname="tests.header_tests.HeaderTests"/>
</testsuite> <!-- tests.header_tests.HeaderTests -->
