<?xml version="1.0" encoding="UTF-8"?>
<!-- Generated by org.testng.reporters.JUnitReportReporter -->
<testsuite skipped="0" hostname="nhs-ers-local-dev" name="tests.HeaderTests" tests="1" failures="0" timestamp="04 Jul 2018 09:54:19 GMT" time="3.330" errors="0">
  <testcase name="AssertWeatherHeaders" time="3.330" classname="tests.HeaderTests"/>
</testsuite> <!-- tests.HeaderTests -->
