<?xml version="1.0" encoding="UTF-8"?>
<!-- Generated by org.testng.reporters.JUnitReportReporter -->
<testsuite skipped="0" hostname="nhs-ers-local-dev" name="SimpleGetTest" tests="2" failures="0" timestamp="28 Jun 2018 13:36:01 GMT" time="2.434" errors="0">
  <testcase name="GetWeatherDetails" time="0.585" classname="SimpleGetTest"/>
  <testcase name="GetSuccessfulStatusCode" time="1.849" classname="SimpleGetTest"/>
</testsuite> <!-- SimpleGetTest -->
