<?xml version="1.0" encoding="UTF-8"?>
<!-- Generated by org.testng.reporters.JUnitReportReporter -->
<testsuite skipped="0" hostname="nhs-ers-local-dev" name="tests.body_tests.ResponseBodyTest" tests="1" failures="0" timestamp="04 Jul 2018 15:28:12 GMT" time="0.007" errors="0">
  <testcase name="WeatherMessageBody" time="0.007" classname="tests.body_tests.ResponseBodyTest"/>
</testsuite> <!-- tests.body_tests.ResponseBodyTest -->
