<?xml version="1.0" encoding="UTF-8"?>
<!-- Generated by org.testng.reporters.JUnitReportReporter -->
<testsuite skipped="0" hostname="nhs-ers-local-dev" name="test.api.body_tests.ResponseBodyTest" tests="3" failures="0" timestamp="04 Jul 2018 10:55:48 GMT" time="0.471" errors="0">
  <testcase name="WeatherMessageBodyContainsString" time="0.001" classname="test.api.body_tests.ResponseBodyTest"/>
  <testcase name="VerifyCityInJsonResponse" time="0.469" classname="test.api.body_tests.ResponseBodyTest"/>
  <testcase name="WeatherMessageBody" time="0.001" classname="test.api.body_tests.ResponseBodyTest"/>
</testsuite> <!-- test.api.body_tests.ResponseBodyTest -->
