<?xml version="1.0" encoding="UTF-8"?>
<!-- Generated by org.testng.reporters.JUnitReportReporter -->
<testsuite skipped="0" hostname="nhs-ers-local-dev" name="test.api.header_tests.HeaderTests" tests="1" failures="0" timestamp="04 Jul 2018 13:10:39 GMT" time="0.006" errors="0">
  <testcase name="GetWeatherHeaders" time="0.006" classname="test.api.header_tests.HeaderTests"/>
</testsuite> <!-- test.api.header_tests.HeaderTests -->
