<?xml version="1.0" encoding="UTF-8"?>
<!-- Generated by org.testng.reporters.JUnitReportReporter -->
<testsuite skipped="0" hostname="nhs-ers-local-dev" name="tests.get_tests.SimpleGetTest" tests="1" failures="0" timestamp="05 Jul 2018 08:18:06 GMT" time="0.010" errors="0">
  <testcase name="GetSuccessfulStatusCode" time="0.010" classname="tests.get_tests.SimpleGetTest"/>
</testsuite> <!-- tests.get_tests.SimpleGetTest -->
