<?xml version="1.0" encoding="UTF-8"?>
<!-- Generated by org.testng.reporters.JUnitReportReporter -->
<testsuite skipped="0" hostname="nhs-ers-local-dev" name="tests.json_path.JsonTests" tests="1" failures="0" timestamp="05 Jul 2018 08:16:14 GMT" time="0.537" errors="0">
  <testcase name="DisplayAllNodesFromResponse" time="0.537" classname="tests.json_path.JsonTests"/>
</testsuite> <!-- tests.json_path.JsonTests -->
